<?xml version="1.0" encoding="UTF-8"?>
<robot generator="Robot 7.0.1 (Python 3.12.6 on win32)" generated="2024-10-24T15:21:51.600775" rpa="false" schemaversion="5">
<suite id="s1" name="Emp" source="C:\Users\tai-0\OneDrive\Documents\Taskboard\emp.robot">
<test id="s1-t1" name="Open Browser and maximize the window" line="9">
<kw name="Open Browser" owner="SeleniumLibrary">
<msg time="2024-10-24T15:21:52.287171" level="WARN">exexcutable_path is being deprecated. Please use service to configure the driver's executable_path as per documentation.</msg>
<msg time="2024-10-24T15:21:52.289496" level="INFO">Opening browser 'chrome' to base url 'https://www.google.co.in'.</msg>
<arg>${url_name}</arg>
<arg>chrome</arg>
<arg>executable_path=C:\\Users\\tai-0\\OneDrive\\Documents\\Taskboard\\source folder\\chromedriver.exe</arg>
<doc>Opens a new browser instance to the optional ``url``.</doc>
<status status="PASS" start="2024-10-24T15:21:52.286164" elapsed="3.738705"/>
</kw>
<kw name="Maximize Browser Window" owner="SeleniumLibrary">
<doc>Maximizes current browser window.</doc>
<status status="PASS" start="2024-10-24T15:21:56.027869" elapsed="0.127976"/>
</kw>
<kw name="Sleep" owner="BuiltIn">
<msg time="2024-10-24T15:21:58.158228" level="INFO">Slept 2 seconds.</msg>
<arg>2s</arg>
<doc>Pauses the test executed for the given time.</doc>
<status status="PASS" start="2024-10-24T15:21:56.157844" elapsed="2.000384"/>
</kw>
<status status="PASS" start="2024-10-24T15:21:52.284029" elapsed="5.875299"/>
</test>
<status status="PASS" start="2024-10-24T15:21:51.607115" elapsed="6.554743"/>
</suite>
<statistics>
<total>
<stat pass="1" fail="0" skip="0">All Tests</stat>
</total>
<tag>
</tag>
<suite>
<stat pass="1" fail="0" skip="0" id="s1" name="Emp">Emp</stat>
</suite>
</statistics>
<errors>
<msg time="2024-10-24T15:21:52.287171" level="WARN">exexcutable_path is being deprecated. Please use service to configure the driver's executable_path as per documentation.</msg>
</errors>
</robot>
